\BOOKMARK [1][-]{section.1}{Introduction}{}% 1
\BOOKMARK [2][-]{subsection.1.1}{Required Knowledge and Notes}{section.1}% 2
\BOOKMARK [2][-]{subsection.1.2}{Contact and Help}{section.1}% 3
\BOOKMARK [1][-]{section.2}{Getting Started}{}% 4
\BOOKMARK [2][-]{subsection.2.1}{Finding the PTF}{section.2}% 5
\BOOKMARK [2][-]{subsection.2.2}{Accessing the PTF Main Status Page}{section.2}% 6
\BOOKMARK [2][-]{subsection.2.3}{Main PTF Status Page}{section.2}% 7
\BOOKMARK [2][-]{subsection.2.4}{PTF Hardware: Identification and Description}{section.2}% 8
\BOOKMARK [2][-]{subsection.2.5}{PTF Setup}{section.2}% 9
\BOOKMARK [2][-]{subsection.2.6}{Preparing the PTF for Operation}{section.2}% 10
\BOOKMARK [2][-]{subsection.2.7}{Critical Equipment Power-Up}{section.2}% 11
\BOOKMARK [2][-]{subsection.2.8}{Gantry Motion}{section.2}% 12
\BOOKMARK [1][-]{section.3}{Performing Measurements}{}% 13
\BOOKMARK [2][-]{subsection.3.1}{Single Data Point Measurement}{section.3}% 14
\BOOKMARK [2][-]{subsection.3.2}{Magnetic Field Control and Degaussing}{section.3}% 15
\BOOKMARK [2][-]{subsection.3.3}{Measurements with PMT and Laser OFF}{section.3}% 16
\BOOKMARK [2][-]{subsection.3.4}{Area and Volume Scans}{section.3}% 17
\BOOKMARK [1][-]{section.4}{Data Analysis}{}% 18
\BOOKMARK [2][-]{subsection.4.1}{Overview}{section.4}% 19
\BOOKMARK [2][-]{subsection.4.2}{ROOT Analysis Package}{section.4}% 20
\BOOKMARK [2][-]{subsection.4.3}{Navigating the ROOT File}{section.4}% 21
\BOOKMARK [2][-]{subsection.4.4}{Integrative Data Analysis}{section.4}% 22
\BOOKMARK [2][-]{subsection.4.5}{Waveform Digitizer \(Low Level\) Analysis}{section.4}% 23
\BOOKMARK [2][-]{subsection.4.6}{Data Analysis Scripts}{section.4}% 24
\BOOKMARK [2][-]{subsection.4.7}{Analysis Guidelines and Final Notes}{section.4}% 25
\BOOKMARK [1][-]{section.5}{Magnetic Field Compensation \046 Control}{}% 26
\BOOKMARK [2][-]{subsection.5.1}{Degaussing}{section.5}% 27
\BOOKMARK [2][-]{subsection.5.2}{Calibrating the Field}{section.5}% 28
\BOOKMARK [1][-]{section.6}{Technical Scripts and Troubleshooting}{}% 29
\BOOKMARK [2][-]{subsection.6.1}{Overview}{section.6}% 30
\BOOKMARK [2][-]{subsection.6.2}{Scan and Movement Scripts}{section.6}% 31
\BOOKMARK [2][-]{subsection.6.3}{Digitizer and Data Collection Scripts}{section.6}% 32
\BOOKMARK [2][-]{subsection.6.4}{The Online Database Browser \(ODB\)}{section.6}% 33
\BOOKMARK [2][-]{subsection.6.5}{Common Issues}{section.6}% 34
\BOOKMARK [1][-]{section.7}{Documentation of PTF Activity}{}% 35
\BOOKMARK [2][-]{subsection.7.1}{PTF Section}{section.7}% 36
\BOOKMARK [2][-]{subsection.7.2}{Run Control}{section.7}% 37
\BOOKMARK [1][-]{appendix.A}{Acronyms and Terminology}{}% 38
